[::1]:52154 XFF[-] - - [04/Sep/2019:16:16:40 Z] "GET /" 404 60B 594μs
[::1]:52154 XFF[-] - - [04/Sep/2019:16:16:40 Z] "GET /favicon.ico" 404 60B 105μs
[::1]:52154 XFF[-] - - [04/Sep/2019:16:16:46 Z] "GET /person" 500 72B 8731μs
[::1]:52177 XFF[-] - - [04/Sep/2019:16:17:51 Z] "GET /person" 200 39B 278μs
[::1]:52185 XFF[-] - - [04/Sep/2019:16:18:34 Z] "GET /person" 200 39B 187μs
[::1]:52185 XFF[-] - - [04/Sep/2019:16:18:35 Z] "GET /person" 200 39B 158μs
[::1]:52236 XFF[-] - - [04/Sep/2019:16:23:54 Z] "GET /person" 200 39B 235μs
[::1]:52236 XFF[-] - - [04/Sep/2019:16:23:55 Z] "GET /person" 200 39B 52μs
[::1]:52532 XFF[-] - - [04/Sep/2019:16:36:15 Z] "POST /books" 404 60B 327μs
[::1]:52532 XFF[-] - - [04/Sep/2019:16:36:27 Z] "POST /person" 404 60B 122μs
[::1]:52532 XFF[-] - - [04/Sep/2019:16:36:29 Z] "POST /persons" 404 60B 30μs
[::1]:52532 XFF[-] - - [04/Sep/2019:16:36:31 Z] "POST /person" 404 60B 60μs
[::1]:52532 XFF[-] - - [04/Sep/2019:16:36:34 Z] "GET /person" 200 39B 773μs
[::1]:52554 XFF[-] - - [04/Sep/2019:16:37:54 Z] "POST /person" 200 37B 335μs
[::1]:52554 XFF[-] - - [04/Sep/2019:16:37:56 Z] "POST /person" 200 37B 82μs
[::1]:52554 XFF[-] - - [04/Sep/2019:16:37:57 Z] "POST /person" 200 37B 133μs
[::1]:53968 XFF[-] - - [04/Sep/2019:17:53:46 Z] "POST /person" 400 51B 1848μs
[::1]:53968 XFF[-] - - [04/Sep/2019:17:54:12 Z] "POST /person" 400 51B 276μs
[::1]:53968 XFF[-] - - [04/Sep/2019:17:54:15 Z] "POST /person" 400 51B 641μs
[::1]:54174 XFF[-] - - [04/Sep/2019:17:58:26 Z] "POST /person" 400 51B 1320μs
[::1]:54174 XFF[-] - - [04/Sep/2019:17:58:35 Z] "POST /person" 400 51B 366μs
[::1]:54191 XFF[-] - - [04/Sep/2019:17:59:25 Z] "POST /person" 400 51B 373738μs
[::1]:54331 XFF[-] - - [04/Sep/2019:18:06:32 Z] "POST /person" 400 51B 5391684μs
[::1]:54331 XFF[-] - - [04/Sep/2019:18:06:48 Z] "POST /person" 400 51B 322141μs
[::1]:64586 XFF[-] - - [05/Sep/2019:12:07:45 Z] "POST /person" 400 51B 509715μs
[::1]:65074 XFF[-] - - [05/Sep/2019:14:03:06 Z] "POST /person" 201 231B 181583μs
[::1]:65269 XFF[-] - - [05/Sep/2019:14:06:15 Z] "POST /person" 400 51B 31785μs
[::1]:65319 XFF[-] - - [05/Sep/2019:14:07:38 Z] "POST /person" 201 72B 30940μs
[::1]:49393 XFF[-] - - [05/Sep/2019:14:35:41 Z] "POST /person" 400 51B 88093μs
[::1]:49516 XFF[-] - - [05/Sep/2019:14:39:17 Z] "POST /person" 201 502B 473081μs
[::1]:49516 XFF[-] - - [05/Sep/2019:14:40:09 Z] "POST /person" 201 511B 58928μs
[::1]:49704 XFF[-] - - [05/Sep/2019:14:58:05 Z] "PUT /person" 400 51B 108868μs
[::1]:49704 XFF[-] - - [05/Sep/2019:14:58:23 Z] "PUT /person" 400 51B 27254μs
[::1]:49704 XFF[-] - - [05/Sep/2019:14:59:11 Z] "PUT /person" 400 51B 21431μs
[::1]:49704 XFF[-] - - [05/Sep/2019:14:59:28 Z] "PUT /person" 400 51B 26900μs
[::1]:49704 XFF[-] - - [05/Sep/2019:15:00:14 Z] "PUT /person" 400 51B 28827μs
[::1]:49736 XFF[-] - - [05/Sep/2019:15:00:25 Z] "PUT /person" 400 51B 43989μs
[::1]:49736 XFF[-] - - [05/Sep/2019:15:01:14 Z] "PUT /person" 400 51B 102363μs
[::1]:49754 XFF[-] - - [05/Sep/2019:15:01:21 Z] "PUT /person" 201 511B 1173131μs
[::1]:49754 XFF[-] - - [05/Sep/2019:15:01:31 Z] "PUT /person" 201 524B 54130μs
[::1]:50030 XFF[-] - - [05/Sep/2019:15:26:09 Z] "PUT /person" 201 103B 86872μs
[::1]:50030 XFF[-] - - [05/Sep/2019:15:26:33 Z] "PUT /person" 201 103B 95462μs
[::1]:50030 XFF[-] - - [05/Sep/2019:15:27:54 Z] "PUT /person" 201 103B 65546μs
[::1]:50030 XFF[-] - - [05/Sep/2019:15:28:03 Z] "PUT /person" 201 103B 221385μs
[::1]:50030 XFF[-] - - [05/Sep/2019:15:28:08 Z] "PUT /person" 201 103B 176846μs
[::1]:50071 XFF[-] - - [05/Sep/2019:15:29:18 Z] "POST /person" 201 87B 45835μs
[::1]:50071 XFF[-] - - [05/Sep/2019:15:29:32 Z] "PUT /person" 201 82B 83569μs
[::1]:50071 XFF[-] - - [05/Sep/2019:15:30:56 Z] "PUT /person" 201 82B 73827μs
[::1]:50071 XFF[-] - - [05/Sep/2019:15:31:12 Z] "POST /person" 201 87B 61722μs
[::1]:50423 XFF[-] - - [05/Sep/2019:15:45:21 Z] "GET /person" 200 2B 93825μs
[::1]:50478 XFF[-] - - [05/Sep/2019:15:48:41 Z] "GET /person" 200 2B 18644μs
[::1]:50651 XFF[-] - - [05/Sep/2019:15:58:12 Z] "GET /person" 200 358B 119602μs
[::1]:50651 XFF[-] - - [05/Sep/2019:15:58:51 Z] "GET /person" 200 358B 65403μs
[::1]:50651 XFF[-] - - [05/Sep/2019:15:59:08 Z] "GET /person" 200 358B 75681μs
[::1]:50651 XFF[-] - - [05/Sep/2019:15:59:09 Z] "GET /person" 200 358B 85300μs
[::1]:50651 XFF[-] - - [05/Sep/2019:15:59:27 Z] "GET /person" 200 358B 96361μs
[::1]:50651 XFF[-] - - [05/Sep/2019:15:59:44 Z] "GET /person" 200 358B 65613μs
[::1]:50651 XFF[-] - - [05/Sep/2019:15:59:51 Z] "POST /person" 201 87B 123274μs
[::1]:50651 XFF[-] - - [05/Sep/2019:15:59:52 Z] "POST /person" 201 87B 83748μs
[::1]:50651 XFF[-] - - [05/Sep/2019:15:59:53 Z] "POST /person" 201 87B 138018μs
[::1]:50651 XFF[-] - - [05/Sep/2019:15:59:54 Z] "POST /person" 201 87B 150987μs
[::1]:50651 XFF[-] - - [05/Sep/2019:15:59:54 Z] "POST /person" 201 87B 261117μs
[::1]:50651 XFF[-] - - [05/Sep/2019:15:59:55 Z] "POST /person" 201 87B 270658μs
[::1]:50651 XFF[-] - - [05/Sep/2019:15:59:56 Z] "POST /person" 201 87B 517346μs
[::1]:50651 XFF[-] - - [05/Sep/2019:15:59:57 Z] "POST /person" 201 87B 82467μs
[::1]:50651 XFF[-] - - [05/Sep/2019:15:59:57 Z] "POST /person" 201 87B 59120μs
[::1]:50651 XFF[-] - - [05/Sep/2019:16:00:01 Z] "POST /person" 201 87B 33844μs
[::1]:50651 XFF[-] - - [05/Sep/2019:16:00:06 Z] "POST /person" 201 87B 41241μs
[::1]:50651 XFF[-] - - [05/Sep/2019:16:00:13 Z] "POST /person" 201 87B 68233μs
[::1]:50651 XFF[-] - - [05/Sep/2019:16:00:15 Z] "POST /person" 201 87B 76121μs
[::1]:50651 XFF[-] - - [05/Sep/2019:16:00:16 Z] "POST /person" 201 87B 41879μs
[::1]:50651 XFF[-] - - [05/Sep/2019:16:00:17 Z] "POST /person" 201 87B 46194μs
[::1]:50651 XFF[-] - - [05/Sep/2019:16:00:23 Z] "GET /person" 200 1678B 26838μs
[::1]:50651 XFF[-] - - [05/Sep/2019:16:04:51 Z] "GET /person" 200 1678B 73642μs
